<?xml version="1.0" encoding="UTF-8"?>
<testsuite name="org.dummy.SuccessfulTest" tests="1" skipped="0" failures="0" errors="0" timestamp="2020-08-18T08:50:50" hostname="dummy" time="0.001">
    <properties/>
    <testcase name="successfulTest" classname="org.dummy.SuccessfulTest" time="0.001"/>
    <system-out><![CDATA[]]></system-out>
    <system-err><![CDATA[]]></system-err>
</testsuite>
